<?xml version="1.0" encoding="UTF-8"?>
<testsuite name="main.FolderTests" tests="2" skipped="0" failures="0" errors="0" timestamp="2020-01-18T21:16:57" hostname="MacBook-Pro-MacBook.local" time="0.001">
  <properties/>
  <testcase name="create and exists" classname="main.FolderTests" time="0.001"/>
  <testcase name="create if not exists" classname="main.FolderTests" time="0.0"/>
  <system-out><![CDATA[]]></system-out>
  <system-err><![CDATA[]]></system-err>
</testsuite>
