<?xml version="1.0" encoding="UTF-8"?>
<testsuite name="main.ArgumentsTests" tests="1" skipped="0" failures="0" errors="0" timestamp="2020-01-19T16:26:01" hostname="MacBook-Pro-MacBook.local" time="0.001">
  <properties/>
  <testcase name="return null alias if postfix exists" classname="main.ArgumentsTests" time="0.001"/>
  <system-out><![CDATA[null
]]></system-out>
  <system-err><![CDATA[]]></system-err>
</testsuite>
